\BOOKMARK [1][-]{section.1}{\376\377\000P\000a\000r\000t\000i\000e\000\040\0001\000:\000\040\000Q\000u\000e\000l\000q\000u\000e\000s\000\040\000o\000p\000\351\000r\000a\000t\000i\000o\000n\000s\000\040\000d\000e\000\040\000b\000a\000s\000e\000\040\000s\000u\000r\000\040\000l\000e\000s\000\040\000s\000i\000g\000n\000a\000u\000x}{}% 1
\BOOKMARK [2][-]{subsection.1.1}{\376\377\000S\000i\000g\000n\000a\000l\000\040\000n\000u\000m\000\351\000r\000i\000q\000u\000e\000\040\000d\000e\000\040\000s\000y\000n\000t\000h\000\350\000s\000e}{section.1}% 2
\BOOKMARK [3][-]{subsubsection.1.1.1}{\376\377\000G\000\351\000n\000\351\000r\000a\000t\000i\000o\000n\000\040\000d\000u\000\040\000s\000i\000g\000n\000a\000l}{subsection.1.1}% 3
\BOOKMARK [3][-]{subsubsection.1.1.2}{\376\377\000\311\000n\000e\000r\000g\000i\000e\000\040\000e\000t\000\040\000p\000u\000i\000s\000s\000a\000n\000c\000e}{subsection.1.1}% 4
\BOOKMARK [3][-]{subsubsection.1.1.3}{\376\377\000Q\000u\000a\000n\000t\000i\000f\000i\000c\000a\000t\000i\000o\000n}{subsection.1.1}% 5
\BOOKMARK [2][-]{subsection.1.2}{\376\377\000S\000i\000g\000n\000a\000l\000\040\000a\000u\000d\000i\000o}{section.1}% 6
\BOOKMARK [3][-]{subsubsection.1.2.1}{\376\377\000E\000n\000r\000e\000g\000i\000s\000t\000r\000e\000m\000e\000n\000t}{subsection.1.2}% 7
\BOOKMARK [3][-]{subsubsection.1.2.2}{\376\377\000R\000e\000s\000t\000i\000t\000u\000t\000i\000o\000n\000\040\000\340\000\040\000d\000i\000f\000f\000\351\000r\000e\000n\000t\000e\000s\000\040\000f\000r\000\351\000q\000u\000e\000n\000c\000e\000s}{subsection.1.2}% 8
\BOOKMARK [3][-]{subsubsection.1.2.3}{\376\377\000Q\000u\000a\000n\000t\000i\000f\000i\000c\000a\000t\000i\000o\000n\000\040\000d\000u\000\040\000s\000i\000g\000n\000a\000l\000\040\000a\000u\000d\000i\000o}{subsection.1.2}% 9
\BOOKMARK [3][-]{subsubsection.1.2.4}{\376\377\000E\000x\000t\000r\000a\000c\000t\000i\000o\000n\000\040\000e\000t\000\040\000s\000\351\000p\000a\000r\000a\000t\000i\000o\000n\000\040\000d\000e\000\040\000m\000o\000t\000s}{subsection.1.2}% 10
\BOOKMARK [1][-]{section.2}{\376\377\000P\000a\000r\000t\000i\000e\000\040\0002\000:\000\040\000C\000l\000a\000s\000s\000i\000f\000i\000c\000a\000t\000i\000o\000n\000\040\000d\000e\000s\000\040\000s\000i\000g\000n\000a\000u\000x}{}% 11
\BOOKMARK [2][-]{subsection.2.1}{\376\377\000E\000x\000e\000m\000p\000l\000e\000\040\000d\000e\000\040\000c\000a\000l\000c\000u\000l\000\040\000t\000h\000\351\000o\000r\000i\000q\000u\000e}{section.2}% 12
\BOOKMARK [2][-]{subsection.2.2}{\376\377\000P\000r\000o\000g\000r\000a\000m\000m\000a\000t\000i\000o\000n}{section.2}% 13
\BOOKMARK [2][-]{subsection.2.3}{\376\377\000A\000p\000p\000l\000i\000c\000a\000t\000i\000o\000n\000\040\000\340\000\040\000l\000a\000\040\000c\000l\000a\000s\000s\000i\000f\000i\000c\000a\000t\000i\000o\000n\000\040\000d\000e\000\040\000q\000u\000e\000l\000q\000u\000e\000s\000\040\000s\000i\000g\000n\000a\000u\000x\000\040\000s\000i\000m\000p\000l\000e\000s}{section.2}% 14
\BOOKMARK [2][-]{subsection.2.4}{\376\377\000C\000l\000a\000s\000s\000i\000f\000i\000c\000a\000t\000i\000o\000n\000\040\000d\000e\000\040\000s\000i\000g\000n\000a\000u\000x\000\040\000d\000e\000\040\000p\000a\000r\000o\000l\000e\000\040\000v\000o\000i\000s\000\351\000s\000\040\000o\000u\000\040\000n\000o\000n\000\040\000v\000o\000i\000s\000\351\000s}{section.2}% 15
\BOOKMARK [1][-]{section.3}{\376\377\000P\000a\000r\000t\000i\000e\000\040\0003\000:\000\040\000A\000s\000p\000e\000c\000t\000s\000\040\000f\000r\000\351\000q\000u\000e\000n\000t\000i\000e\000l\000s}{}% 16
\BOOKMARK [2][-]{subsection.3.1}{\376\377\000E\000c\000h\000a\000n\000t\000i\000l\000l\000o\000n\000n\000a\000g\000e}{section.3}% 17
\BOOKMARK [2][-]{subsection.3.2}{\376\377\000L\000a\000\040\000T\000r\000a\000n\000s\000f\000o\000r\000m\000\351\000e\000\040\000d\000e\000\040\000F\000o\000u\000r\000i\000e\000r\000\040\000d\000i\000s\000c\000r\000\350\000t\000e\000\040\000\050\000T\000F\000D\000\051}{section.3}% 18
\BOOKMARK [2][-]{subsection.3.3}{\376\377\000C\000h\000a\000n\000g\000e\000m\000e\000n\000t\000\040\000d\000e\000\040\000f\000r\000\351\000q\000u\000e\000n\000c\000e\000\040\000d\040\031\000\351\000c\000h\000a\000n\000t\000i\000l\000l\000o\000n\000n\000a\000g\000e}{section.3}% 19
\BOOKMARK [2][-]{subsection.3.4}{\376\377\000A\000n\000a\000l\000y\000s\000e\000\040\000s\000p\000e\000c\000t\000r\000a\000l\000e}{section.3}% 20
\BOOKMARK [3][-]{subsubsection.3.4.1}{\376\377\000A\000n\000a\000l\000y\000s\000e\000\040\000d\040\031\000u\000n\000e\000\040\000t\000r\000a\000n\000c\000h\000e\000\040\000d\000e\000\040\000s\000i\000g\000n\000a\000l\000\040\000p\000a\000r\000\040\000T\000F\000D}{subsection.3.4}% 21
\BOOKMARK [3][-]{subsubsection.3.4.2}{\376\377\000E\000f\000f\000e\000t\000s\000\040\000d\000e\000\040\000q\000u\000e\000l\000q\000u\000e\000s\000\040\000f\000e\000n\000\352\000t\000r\000e\000s}{subsection.3.4}% 22
\BOOKMARK [1][-]{section.4}{\376\377\000P\000a\000r\000t\000i\000e\000\040\0004\000:\000\040\000A\000p\000p\000l\000i\000c\000a\000t\000i\000o\000n\000\040\000:\000\040\000d\000\351\000t\000e\000c\000t\000i\000o\000n\000\040\000d\000e\000\040\000p\000i\000t\000c\000h}{}% 23
\BOOKMARK [2][-]{subsection.4.1}{\376\377\000C\000o\000d\000e\000\040\000p\000y\000t\000h\000o\000n}{section.4}% 24
\BOOKMARK [2][-]{subsection.4.2}{\376\377\000A\000n\000a\000l\000y\000s\000e\000\040\000d\000u\000\040\000c\000o\000d\000e}{section.4}% 25
\BOOKMARK [2][-]{subsection.4.3}{\376\377\000V\000a\000r\000i\000a\000b\000l\000e\000s\000\040\000c\000l\000\351\000s\000\040\000\340\000\040\000a\000j\000u\000s\000t\000e\000r\000\040\000e\000t\000\040\000l\000e\000u\000r\000\040\000r\000\364\000l\000e}{section.4}% 26
\BOOKMARK [2][-]{subsection.4.4}{\376\377\000R\000\351\000s\000u\000l\000t\000a\000t\000s}{section.4}% 27
\BOOKMARK [2][-]{subsection.4.5}{\376\377\000S\000o\000u\000r\000c\000e\000s\000\040\000f\000r\000\351\000q\000u\000e\000n\000t\000e\000s\000\040\000d\040\031\000e\000r\000r\000e\000u\000r\000s\000\040\000\050\000i\000n\000t\000e\000r\000v\000a\000l\000l\000e\000s\000\040\000a\000v\000e\000c\000\040\000f\000=\000\040\0000\000\051}{section.4}% 28
\BOOKMARK [2][-]{subsection.4.6}{\376\377\000C\000o\000n\000c\000l\000u\000s\000i\000o\000n\000\040\000e\000t\000\040\000r\000e\000m\000a\000r\000q\000u\000e\000s\000\040\000p\000e\000r\000t\000i\000n\000e\000n\000t\000e\000s}{section.4}% 29
